[2018-01-20T12:52:08,165][INFO ][o.e.n.Node               ] [] initializing ...
[2018-01-20T12:52:08,371][INFO ][o.e.e.NodeEnvironment    ] [9eHyL-E] using [1] data paths, mounts [[/ (/dev/sda1)]], net usable_space [18.2gb], net total_space [289.4gb], types [ext4]
[2018-01-20T12:52:08,371][INFO ][o.e.e.NodeEnvironment    ] [9eHyL-E] heap size [990.7mb], compressed ordinary object pointers [true]
[2018-01-20T12:52:08,374][INFO ][o.e.n.Node               ] node name [9eHyL-E] derived from node ID [9eHyL-E1RUu7EV14o9LVfg]; set [node.name] to override
[2018-01-20T12:52:08,374][INFO ][o.e.n.Node               ] version[6.1.2], pid[9066], build[5b1fea5/2018-01-10T02:35:59.208Z], OS[Linux/4.13.0-26-generic/amd64], JVM[Oracle Corporation/OpenJDK 64-Bit Server VM/1.8.0_151/25.151-b12]
[2018-01-20T12:52:08,374][INFO ][o.e.n.Node               ] JVM arguments [-Xms1g, -Xmx1g, -XX:+UseConcMarkSweepGC, -XX:CMSInitiatingOccupancyFraction=75, -XX:+UseCMSInitiatingOccupancyOnly, -XX:+AlwaysPreTouch, -Xss1m, -Djava.awt.headless=true, -Dfile.encoding=UTF-8, -Djna.nosys=true, -XX:-OmitStackTraceInFastThrow, -Dio.netty.noUnsafe=true, -Dio.netty.noKeySetOptimization=true, -Dio.netty.recycler.maxCapacityPerThread=0, -Dlog4j.shutdownHookEnabled=false, -Dlog4j2.disable.jmx=true, -XX:+HeapDumpOnOutOfMemoryError, -Des.path.home=/home/sergio/Desktop/sowa/stack/ELK-sowa.io_linux_amd64/elasticsearch-6.1.2, -Des.path.conf=/home/sergio/Desktop/sowa/stack/ELK-sowa.io_linux_amd64/elasticsearch-6.1.2/config]
[2018-01-20T12:52:09,588][INFO ][o.e.p.PluginsService     ] [9eHyL-E] loaded module [aggs-matrix-stats]
[2018-01-20T12:52:09,588][INFO ][o.e.p.PluginsService     ] [9eHyL-E] loaded module [analysis-common]
[2018-01-20T12:52:09,588][INFO ][o.e.p.PluginsService     ] [9eHyL-E] loaded module [ingest-common]
[2018-01-20T12:52:09,588][INFO ][o.e.p.PluginsService     ] [9eHyL-E] loaded module [lang-expression]
[2018-01-20T12:52:09,589][INFO ][o.e.p.PluginsService     ] [9eHyL-E] loaded module [lang-mustache]
[2018-01-20T12:52:09,589][INFO ][o.e.p.PluginsService     ] [9eHyL-E] loaded module [lang-painless]
[2018-01-20T12:52:09,589][INFO ][o.e.p.PluginsService     ] [9eHyL-E] loaded module [mapper-extras]
[2018-01-20T12:52:09,589][INFO ][o.e.p.PluginsService     ] [9eHyL-E] loaded module [parent-join]
[2018-01-20T12:52:09,589][INFO ][o.e.p.PluginsService     ] [9eHyL-E] loaded module [percolator]
[2018-01-20T12:52:09,589][INFO ][o.e.p.PluginsService     ] [9eHyL-E] loaded module [reindex]
[2018-01-20T12:52:09,590][INFO ][o.e.p.PluginsService     ] [9eHyL-E] loaded module [repository-url]
[2018-01-20T12:52:09,590][INFO ][o.e.p.PluginsService     ] [9eHyL-E] loaded module [transport-netty4]
[2018-01-20T12:52:09,590][INFO ][o.e.p.PluginsService     ] [9eHyL-E] loaded module [tribe]
[2018-01-20T12:52:09,591][INFO ][o.e.p.PluginsService     ] [9eHyL-E] no plugins loaded
[2018-01-20T12:52:11,693][INFO ][o.e.d.DiscoveryModule    ] [9eHyL-E] using discovery type [zen]
[2018-01-20T12:52:12,369][INFO ][o.e.n.Node               ] initialized
[2018-01-20T12:52:12,369][INFO ][o.e.n.Node               ] [9eHyL-E] starting ...
[2018-01-20T12:52:12,571][INFO ][o.e.t.TransportService   ] [9eHyL-E] publish_address {127.0.0.1:9300}, bound_addresses {[::1]:9300}, {127.0.0.1:9300}
[2018-01-20T12:52:15,647][INFO ][o.e.c.s.MasterService    ] [9eHyL-E] zen-disco-elected-as-master ([0] nodes joined), reason: new_master {9eHyL-E}{9eHyL-E1RUu7EV14o9LVfg}{Wn8lvEKgTaOnQdyukLHqzw}{127.0.0.1}{127.0.0.1:9300}
[2018-01-20T12:52:15,687][INFO ][o.e.c.s.ClusterApplierService] [9eHyL-E] new_master {9eHyL-E}{9eHyL-E1RUu7EV14o9LVfg}{Wn8lvEKgTaOnQdyukLHqzw}{127.0.0.1}{127.0.0.1:9300}, reason: apply cluster state (from master [master {9eHyL-E}{9eHyL-E1RUu7EV14o9LVfg}{Wn8lvEKgTaOnQdyukLHqzw}{127.0.0.1}{127.0.0.1:9300} committed version [1] source [zen-disco-elected-as-master ([0] nodes joined)]])
[2018-01-20T12:52:15,721][INFO ][o.e.h.n.Netty4HttpServerTransport] [9eHyL-E] publish_address {127.0.0.1:9200}, bound_addresses {[::1]:9200}, {127.0.0.1:9200}
[2018-01-20T12:52:15,721][INFO ][o.e.n.Node               ] [9eHyL-E] started
[2018-01-20T12:52:15,808][INFO ][o.e.g.GatewayService     ] [9eHyL-E] recovered [0] indices into cluster_state
[2018-01-20T12:52:45,708][WARN ][o.e.c.r.a.DiskThresholdMonitor] [9eHyL-E] high disk watermark [90%] exceeded on [9eHyL-E1RUu7EV14o9LVfg][9eHyL-E][/home/sergio/Desktop/sowa/stack/ELK-sowa.io_linux_amd64/elasticsearch-6.1.2/data/nodes/0] free: 18.2gb[6.2%], shards will be relocated away from this node
[2018-01-20T12:52:45,709][INFO ][o.e.c.r.a.DiskThresholdMonitor] [9eHyL-E] rerouting shards: [high disk watermark exceeded on one or more nodes]
[2018-01-20T12:53:15,721][WARN ][o.e.c.r.a.DiskThresholdMonitor] [9eHyL-E] high disk watermark [90%] exceeded on [9eHyL-E1RUu7EV14o9LVfg][9eHyL-E][/home/sergio/Desktop/sowa/stack/ELK-sowa.io_linux_amd64/elasticsearch-6.1.2/data/nodes/0] free: 18.2gb[6.2%], shards will be relocated away from this node
[2018-01-20T12:53:45,725][WARN ][o.e.c.r.a.DiskThresholdMonitor] [9eHyL-E] high disk watermark [90%] exceeded on [9eHyL-E1RUu7EV14o9LVfg][9eHyL-E][/home/sergio/Desktop/sowa/stack/ELK-sowa.io_linux_amd64/elasticsearch-6.1.2/data/nodes/0] free: 18.2gb[6.2%], shards will be relocated away from this node
[2018-01-20T12:53:45,726][INFO ][o.e.c.r.a.DiskThresholdMonitor] [9eHyL-E] rerouting shards: [high disk watermark exceeded on one or more nodes]
[2018-01-20T12:54:15,730][WARN ][o.e.c.r.a.DiskThresholdMonitor] [9eHyL-E] high disk watermark [90%] exceeded on [9eHyL-E1RUu7EV14o9LVfg][9eHyL-E][/home/sergio/Desktop/sowa/stack/ELK-sowa.io_linux_amd64/elasticsearch-6.1.2/data/nodes/0] free: 18.2gb[6.2%], shards will be relocated away from this node
[2018-01-20T12:54:45,733][WARN ][o.e.c.r.a.DiskThresholdMonitor] [9eHyL-E] high disk watermark [90%] exceeded on [9eHyL-E1RUu7EV14o9LVfg][9eHyL-E][/home/sergio/Desktop/sowa/stack/ELK-sowa.io_linux_amd64/elasticsearch-6.1.2/data/nodes/0] free: 18.2gb[6.2%], shards will be relocated away from this node
[2018-01-20T12:54:45,734][INFO ][o.e.c.r.a.DiskThresholdMonitor] [9eHyL-E] rerouting shards: [high disk watermark exceeded on one or more nodes]
[2018-01-20T12:55:15,736][WARN ][o.e.c.r.a.DiskThresholdMonitor] [9eHyL-E] high disk watermark [90%] exceeded on [9eHyL-E1RUu7EV14o9LVfg][9eHyL-E][/home/sergio/Desktop/sowa/stack/ELK-sowa.io_linux_amd64/elasticsearch-6.1.2/data/nodes/0] free: 18.2gb[6.2%], shards will be relocated away from this node
[2018-01-20T12:55:45,741][WARN ][o.e.c.r.a.DiskThresholdMonitor] [9eHyL-E] high disk watermark [90%] exceeded on [9eHyL-E1RUu7EV14o9LVfg][9eHyL-E][/home/sergio/Desktop/sowa/stack/ELK-sowa.io_linux_amd64/elasticsearch-6.1.2/data/nodes/0] free: 18.2gb[6.2%], shards will be relocated away from this node
[2018-01-20T12:55:45,741][INFO ][o.e.c.r.a.DiskThresholdMonitor] [9eHyL-E] rerouting shards: [high disk watermark exceeded on one or more nodes]
[2018-01-20T12:56:15,746][WARN ][o.e.c.r.a.DiskThresholdMonitor] [9eHyL-E] high disk watermark [90%] exceeded on [9eHyL-E1RUu7EV14o9LVfg][9eHyL-E][/home/sergio/Desktop/sowa/stack/ELK-sowa.io_linux_amd64/elasticsearch-6.1.2/data/nodes/0] free: 18.2gb[6.2%], shards will be relocated away from this node
[2018-01-20T12:56:45,750][WARN ][o.e.c.r.a.DiskThresholdMonitor] [9eHyL-E] high disk watermark [90%] exceeded on [9eHyL-E1RUu7EV14o9LVfg][9eHyL-E][/home/sergio/Desktop/sowa/stack/ELK-sowa.io_linux_amd64/elasticsearch-6.1.2/data/nodes/0] free: 18.2gb[6.2%], shards will be relocated away from this node
[2018-01-20T12:56:45,751][INFO ][o.e.c.r.a.DiskThresholdMonitor] [9eHyL-E] rerouting shards: [high disk watermark exceeded on one or more nodes]
[2018-01-20T12:57:15,753][WARN ][o.e.c.r.a.DiskThresholdMonitor] [9eHyL-E] high disk watermark [90%] exceeded on [9eHyL-E1RUu7EV14o9LVfg][9eHyL-E][/home/sergio/Desktop/sowa/stack/ELK-sowa.io_linux_amd64/elasticsearch-6.1.2/data/nodes/0] free: 18.2gb[6.2%], shards will be relocated away from this node
[2018-01-20T12:57:45,755][WARN ][o.e.c.r.a.DiskThresholdMonitor] [9eHyL-E] high disk watermark [90%] exceeded on [9eHyL-E1RUu7EV14o9LVfg][9eHyL-E][/home/sergio/Desktop/sowa/stack/ELK-sowa.io_linux_amd64/elasticsearch-6.1.2/data/nodes/0] free: 18.2gb[6.2%], shards will be relocated away from this node
[2018-01-20T12:57:45,755][INFO ][o.e.c.r.a.DiskThresholdMonitor] [9eHyL-E] rerouting shards: [high disk watermark exceeded on one or more nodes]
[2018-01-20T12:58:15,757][WARN ][o.e.c.r.a.DiskThresholdMonitor] [9eHyL-E] high disk watermark [90%] exceeded on [9eHyL-E1RUu7EV14o9LVfg][9eHyL-E][/home/sergio/Desktop/sowa/stack/ELK-sowa.io_linux_amd64/elasticsearch-6.1.2/data/nodes/0] free: 18.2gb[6.2%], shards will be relocated away from this node
[2018-01-20T12:58:45,758][WARN ][o.e.c.r.a.DiskThresholdMonitor] [9eHyL-E] high disk watermark [90%] exceeded on [9eHyL-E1RUu7EV14o9LVfg][9eHyL-E][/home/sergio/Desktop/sowa/stack/ELK-sowa.io_linux_amd64/elasticsearch-6.1.2/data/nodes/0] free: 18.2gb[6.2%], shards will be relocated away from this node
[2018-01-20T12:58:45,759][INFO ][o.e.c.r.a.DiskThresholdMonitor] [9eHyL-E] rerouting shards: [high disk watermark exceeded on one or more nodes]
[2018-01-20T12:59:15,760][WARN ][o.e.c.r.a.DiskThresholdMonitor] [9eHyL-E] high disk watermark [90%] exceeded on [9eHyL-E1RUu7EV14o9LVfg][9eHyL-E][/home/sergio/Desktop/sowa/stack/ELK-sowa.io_linux_amd64/elasticsearch-6.1.2/data/nodes/0] free: 18.2gb[6.2%], shards will be relocated away from this node
[2018-01-20T12:59:45,761][WARN ][o.e.c.r.a.DiskThresholdMonitor] [9eHyL-E] high disk watermark [90%] exceeded on [9eHyL-E1RUu7EV14o9LVfg][9eHyL-E][/home/sergio/Desktop/sowa/stack/ELK-sowa.io_linux_amd64/elasticsearch-6.1.2/data/nodes/0] free: 18.2gb[6.2%], shards will be relocated away from this node
[2018-01-20T12:59:45,762][INFO ][o.e.c.r.a.DiskThresholdMonitor] [9eHyL-E] rerouting shards: [high disk watermark exceeded on one or more nodes]
[2018-01-20T13:00:15,765][WARN ][o.e.c.r.a.DiskThresholdMonitor] [9eHyL-E] high disk watermark [90%] exceeded on [9eHyL-E1RUu7EV14o9LVfg][9eHyL-E][/home/sergio/Desktop/sowa/stack/ELK-sowa.io_linux_amd64/elasticsearch-6.1.2/data/nodes/0] free: 18.2gb[6.2%], shards will be relocated away from this node
[2018-01-20T13:00:45,768][WARN ][o.e.c.r.a.DiskThresholdMonitor] [9eHyL-E] high disk watermark [90%] exceeded on [9eHyL-E1RUu7EV14o9LVfg][9eHyL-E][/home/sergio/Desktop/sowa/stack/ELK-sowa.io_linux_amd64/elasticsearch-6.1.2/data/nodes/0] free: 18.2gb[6.2%], shards will be relocated away from this node
[2018-01-20T13:00:45,768][INFO ][o.e.c.r.a.DiskThresholdMonitor] [9eHyL-E] rerouting shards: [high disk watermark exceeded on one or more nodes]
[2018-01-20T13:01:15,771][WARN ][o.e.c.r.a.DiskThresholdMonitor] [9eHyL-E] high disk watermark [90%] exceeded on [9eHyL-E1RUu7EV14o9LVfg][9eHyL-E][/home/sergio/Desktop/sowa/stack/ELK-sowa.io_linux_amd64/elasticsearch-6.1.2/data/nodes/0] free: 18.2gb[6.2%], shards will be relocated away from this node
[2018-01-20T13:01:45,775][WARN ][o.e.c.r.a.DiskThresholdMonitor] [9eHyL-E] high disk watermark [90%] exceeded on [9eHyL-E1RUu7EV14o9LVfg][9eHyL-E][/home/sergio/Desktop/sowa/stack/ELK-sowa.io_linux_amd64/elasticsearch-6.1.2/data/nodes/0] free: 18.2gb[6.2%], shards will be relocated away from this node
[2018-01-20T13:01:45,775][INFO ][o.e.c.r.a.DiskThresholdMonitor] [9eHyL-E] rerouting shards: [high disk watermark exceeded on one or more nodes]
[2018-01-20T13:02:15,779][WARN ][o.e.c.r.a.DiskThresholdMonitor] [9eHyL-E] high disk watermark [90%] exceeded on [9eHyL-E1RUu7EV14o9LVfg][9eHyL-E][/home/sergio/Desktop/sowa/stack/ELK-sowa.io_linux_amd64/elasticsearch-6.1.2/data/nodes/0] free: 18.2gb[6.2%], shards will be relocated away from this node
[2018-01-20T13:02:45,783][WARN ][o.e.c.r.a.DiskThresholdMonitor] [9eHyL-E] high disk watermark [90%] exceeded on [9eHyL-E1RUu7EV14o9LVfg][9eHyL-E][/home/sergio/Desktop/sowa/stack/ELK-sowa.io_linux_amd64/elasticsearch-6.1.2/data/nodes/0] free: 18.2gb[6.2%], shards will be relocated away from this node
[2018-01-20T13:02:45,784][INFO ][o.e.c.r.a.DiskThresholdMonitor] [9eHyL-E] rerouting shards: [high disk watermark exceeded on one or more nodes]
[2018-01-20T13:03:15,787][WARN ][o.e.c.r.a.DiskThresholdMonitor] [9eHyL-E] high disk watermark [90%] exceeded on [9eHyL-E1RUu7EV14o9LVfg][9eHyL-E][/home/sergio/Desktop/sowa/stack/ELK-sowa.io_linux_amd64/elasticsearch-6.1.2/data/nodes/0] free: 18.2gb[6.2%], shards will be relocated away from this node
[2018-01-20T13:03:45,790][WARN ][o.e.c.r.a.DiskThresholdMonitor] [9eHyL-E] high disk watermark [90%] exceeded on [9eHyL-E1RUu7EV14o9LVfg][9eHyL-E][/home/sergio/Desktop/sowa/stack/ELK-sowa.io_linux_amd64/elasticsearch-6.1.2/data/nodes/0] free: 18.2gb[6.2%], shards will be relocated away from this node
[2018-01-20T13:03:45,790][INFO ][o.e.c.r.a.DiskThresholdMonitor] [9eHyL-E] rerouting shards: [high disk watermark exceeded on one or more nodes]
[2018-01-20T13:04:15,794][WARN ][o.e.c.r.a.DiskThresholdMonitor] [9eHyL-E] high disk watermark [90%] exceeded on [9eHyL-E1RUu7EV14o9LVfg][9eHyL-E][/home/sergio/Desktop/sowa/stack/ELK-sowa.io_linux_amd64/elasticsearch-6.1.2/data/nodes/0] free: 18.2gb[6.2%], shards will be relocated away from this node
[2018-01-20T13:04:45,798][WARN ][o.e.c.r.a.DiskThresholdMonitor] [9eHyL-E] high disk watermark [90%] exceeded on [9eHyL-E1RUu7EV14o9LVfg][9eHyL-E][/home/sergio/Desktop/sowa/stack/ELK-sowa.io_linux_amd64/elasticsearch-6.1.2/data/nodes/0] free: 18.2gb[6.2%], shards will be relocated away from this node
[2018-01-20T13:04:45,798][INFO ][o.e.c.r.a.DiskThresholdMonitor] [9eHyL-E] rerouting shards: [high disk watermark exceeded on one or more nodes]
[2018-01-20T13:05:15,802][WARN ][o.e.c.r.a.DiskThresholdMonitor] [9eHyL-E] high disk watermark [90%] exceeded on [9eHyL-E1RUu7EV14o9LVfg][9eHyL-E][/home/sergio/Desktop/sowa/stack/ELK-sowa.io_linux_amd64/elasticsearch-6.1.2/data/nodes/0] free: 18.2gb[6.2%], shards will be relocated away from this node
[2018-01-20T13:05:45,805][WARN ][o.e.c.r.a.DiskThresholdMonitor] [9eHyL-E] high disk watermark [90%] exceeded on [9eHyL-E1RUu7EV14o9LVfg][9eHyL-E][/home/sergio/Desktop/sowa/stack/ELK-sowa.io_linux_amd64/elasticsearch-6.1.2/data/nodes/0] free: 18.2gb[6.2%], shards will be relocated away from this node
[2018-01-20T13:05:45,806][INFO ][o.e.c.r.a.DiskThresholdMonitor] [9eHyL-E] rerouting shards: [high disk watermark exceeded on one or more nodes]
[2018-01-20T13:06:15,808][WARN ][o.e.c.r.a.DiskThresholdMonitor] [9eHyL-E] high disk watermark [90%] exceeded on [9eHyL-E1RUu7EV14o9LVfg][9eHyL-E][/home/sergio/Desktop/sowa/stack/ELK-sowa.io_linux_amd64/elasticsearch-6.1.2/data/nodes/0] free: 18.2gb[6.2%], shards will be relocated away from this node
[2018-01-20T13:06:45,811][WARN ][o.e.c.r.a.DiskThresholdMonitor] [9eHyL-E] high disk watermark [90%] exceeded on [9eHyL-E1RUu7EV14o9LVfg][9eHyL-E][/home/sergio/Desktop/sowa/stack/ELK-sowa.io_linux_amd64/elasticsearch-6.1.2/data/nodes/0] free: 18.2gb[6.2%], shards will be relocated away from this node
[2018-01-20T13:06:45,812][INFO ][o.e.c.r.a.DiskThresholdMonitor] [9eHyL-E] rerouting shards: [high disk watermark exceeded on one or more nodes]
[2018-01-20T13:07:15,816][WARN ][o.e.c.r.a.DiskThresholdMonitor] [9eHyL-E] high disk watermark [90%] exceeded on [9eHyL-E1RUu7EV14o9LVfg][9eHyL-E][/home/sergio/Desktop/sowa/stack/ELK-sowa.io_linux_amd64/elasticsearch-6.1.2/data/nodes/0] free: 18.2gb[6.2%], shards will be relocated away from this node
[2018-01-20T13:07:45,819][WARN ][o.e.c.r.a.DiskThresholdMonitor] [9eHyL-E] high disk watermark [90%] exceeded on [9eHyL-E1RUu7EV14o9LVfg][9eHyL-E][/home/sergio/Desktop/sowa/stack/ELK-sowa.io_linux_amd64/elasticsearch-6.1.2/data/nodes/0] free: 18.2gb[6.2%], shards will be relocated away from this node
[2018-01-20T13:07:45,820][INFO ][o.e.c.r.a.DiskThresholdMonitor] [9eHyL-E] rerouting shards: [high disk watermark exceeded on one or more nodes]
[2018-01-20T13:08:15,824][WARN ][o.e.c.r.a.DiskThresholdMonitor] [9eHyL-E] high disk watermark [90%] exceeded on [9eHyL-E1RUu7EV14o9LVfg][9eHyL-E][/home/sergio/Desktop/sowa/stack/ELK-sowa.io_linux_amd64/elasticsearch-6.1.2/data/nodes/0] free: 18.2gb[6.2%], shards will be relocated away from this node
[2018-01-20T13:08:45,827][WARN ][o.e.c.r.a.DiskThresholdMonitor] [9eHyL-E] high disk watermark [90%] exceeded on [9eHyL-E1RUu7EV14o9LVfg][9eHyL-E][/home/sergio/Desktop/sowa/stack/ELK-sowa.io_linux_amd64/elasticsearch-6.1.2/data/nodes/0] free: 18.2gb[6.2%], shards will be relocated away from this node
[2018-01-20T13:08:45,828][INFO ][o.e.c.r.a.DiskThresholdMonitor] [9eHyL-E] rerouting shards: [high disk watermark exceeded on one or more nodes]
[2018-01-20T13:09:15,831][WARN ][o.e.c.r.a.DiskThresholdMonitor] [9eHyL-E] high disk watermark [90%] exceeded on [9eHyL-E1RUu7EV14o9LVfg][9eHyL-E][/home/sergio/Desktop/sowa/stack/ELK-sowa.io_linux_amd64/elasticsearch-6.1.2/data/nodes/0] free: 18.2gb[6.2%], shards will be relocated away from this node
[2018-01-20T13:09:45,833][WARN ][o.e.c.r.a.DiskThresholdMonitor] [9eHyL-E] high disk watermark [90%] exceeded on [9eHyL-E1RUu7EV14o9LVfg][9eHyL-E][/home/sergio/Desktop/sowa/stack/ELK-sowa.io_linux_amd64/elasticsearch-6.1.2/data/nodes/0] free: 18.2gb[6.2%], shards will be relocated away from this node
[2018-01-20T13:09:45,834][INFO ][o.e.c.r.a.DiskThresholdMonitor] [9eHyL-E] rerouting shards: [high disk watermark exceeded on one or more nodes]
[2018-01-20T13:10:15,837][WARN ][o.e.c.r.a.DiskThresholdMonitor] [9eHyL-E] high disk watermark [90%] exceeded on [9eHyL-E1RUu7EV14o9LVfg][9eHyL-E][/home/sergio/Desktop/sowa/stack/ELK-sowa.io_linux_amd64/elasticsearch-6.1.2/data/nodes/0] free: 18.2gb[6.2%], shards will be relocated away from this node
[2018-01-20T13:10:45,841][WARN ][o.e.c.r.a.DiskThresholdMonitor] [9eHyL-E] high disk watermark [90%] exceeded on [9eHyL-E1RUu7EV14o9LVfg][9eHyL-E][/home/sergio/Desktop/sowa/stack/ELK-sowa.io_linux_amd64/elasticsearch-6.1.2/data/nodes/0] free: 18.2gb[6.2%], shards will be relocated away from this node
[2018-01-20T13:10:45,842][INFO ][o.e.c.r.a.DiskThresholdMonitor] [9eHyL-E] rerouting shards: [high disk watermark exceeded on one or more nodes]
[2018-01-20T13:11:15,845][WARN ][o.e.c.r.a.DiskThresholdMonitor] [9eHyL-E] high disk watermark [90%] exceeded on [9eHyL-E1RUu7EV14o9LVfg][9eHyL-E][/home/sergio/Desktop/sowa/stack/ELK-sowa.io_linux_amd64/elasticsearch-6.1.2/data/nodes/0] free: 18.2gb[6.2%], shards will be relocated away from this node
[2018-01-20T13:11:45,849][WARN ][o.e.c.r.a.DiskThresholdMonitor] [9eHyL-E] high disk watermark [90%] exceeded on [9eHyL-E1RUu7EV14o9LVfg][9eHyL-E][/home/sergio/Desktop/sowa/stack/ELK-sowa.io_linux_amd64/elasticsearch-6.1.2/data/nodes/0] free: 18.2gb[6.2%], shards will be relocated away from this node
[2018-01-20T13:11:45,850][INFO ][o.e.c.r.a.DiskThresholdMonitor] [9eHyL-E] rerouting shards: [high disk watermark exceeded on one or more nodes]
[2018-01-20T13:12:15,853][WARN ][o.e.c.r.a.DiskThresholdMonitor] [9eHyL-E] high disk watermark [90%] exceeded on [9eHyL-E1RUu7EV14o9LVfg][9eHyL-E][/home/sergio/Desktop/sowa/stack/ELK-sowa.io_linux_amd64/elasticsearch-6.1.2/data/nodes/0] free: 18.2gb[6.2%], shards will be relocated away from this node
[2018-01-20T13:12:45,857][WARN ][o.e.c.r.a.DiskThresholdMonitor] [9eHyL-E] high disk watermark [90%] exceeded on [9eHyL-E1RUu7EV14o9LVfg][9eHyL-E][/home/sergio/Desktop/sowa/stack/ELK-sowa.io_linux_amd64/elasticsearch-6.1.2/data/nodes/0] free: 18.2gb[6.2%], shards will be relocated away from this node
[2018-01-20T13:12:45,858][INFO ][o.e.c.r.a.DiskThresholdMonitor] [9eHyL-E] rerouting shards: [high disk watermark exceeded on one or more nodes]
[2018-01-20T13:13:15,860][WARN ][o.e.c.r.a.DiskThresholdMonitor] [9eHyL-E] high disk watermark [90%] exceeded on [9eHyL-E1RUu7EV14o9LVfg][9eHyL-E][/home/sergio/Desktop/sowa/stack/ELK-sowa.io_linux_amd64/elasticsearch-6.1.2/data/nodes/0] free: 18.2gb[6.2%], shards will be relocated away from this node
[2018-01-20T13:13:45,862][WARN ][o.e.c.r.a.DiskThresholdMonitor] [9eHyL-E] high disk watermark [90%] exceeded on [9eHyL-E1RUu7EV14o9LVfg][9eHyL-E][/home/sergio/Desktop/sowa/stack/ELK-sowa.io_linux_amd64/elasticsearch-6.1.2/data/nodes/0] free: 18.2gb[6.2%], shards will be relocated away from this node
[2018-01-20T13:13:45,863][INFO ][o.e.c.r.a.DiskThresholdMonitor] [9eHyL-E] rerouting shards: [high disk watermark exceeded on one or more nodes]
[2018-01-20T13:14:15,866][WARN ][o.e.c.r.a.DiskThresholdMonitor] [9eHyL-E] high disk watermark [90%] exceeded on [9eHyL-E1RUu7EV14o9LVfg][9eHyL-E][/home/sergio/Desktop/sowa/stack/ELK-sowa.io_linux_amd64/elasticsearch-6.1.2/data/nodes/0] free: 18.2gb[6.2%], shards will be relocated away from this node
[2018-01-20T13:14:45,869][WARN ][o.e.c.r.a.DiskThresholdMonitor] [9eHyL-E] high disk watermark [90%] exceeded on [9eHyL-E1RUu7EV14o9LVfg][9eHyL-E][/home/sergio/Desktop/sowa/stack/ELK-sowa.io_linux_amd64/elasticsearch-6.1.2/data/nodes/0] free: 18.2gb[6.2%], shards will be relocated away from this node
[2018-01-20T13:14:45,870][INFO ][o.e.c.r.a.DiskThresholdMonitor] [9eHyL-E] rerouting shards: [high disk watermark exceeded on one or more nodes]
[2018-01-20T13:15:15,873][WARN ][o.e.c.r.a.DiskThresholdMonitor] [9eHyL-E] high disk watermark [90%] exceeded on [9eHyL-E1RUu7EV14o9LVfg][9eHyL-E][/home/sergio/Desktop/sowa/stack/ELK-sowa.io_linux_amd64/elasticsearch-6.1.2/data/nodes/0] free: 18.2gb[6.2%], shards will be relocated away from this node
[2018-01-20T13:15:45,875][WARN ][o.e.c.r.a.DiskThresholdMonitor] [9eHyL-E] high disk watermark [90%] exceeded on [9eHyL-E1RUu7EV14o9LVfg][9eHyL-E][/home/sergio/Desktop/sowa/stack/ELK-sowa.io_linux_amd64/elasticsearch-6.1.2/data/nodes/0] free: 18.2gb[6.2%], shards will be relocated away from this node
[2018-01-20T13:15:45,876][INFO ][o.e.c.r.a.DiskThresholdMonitor] [9eHyL-E] rerouting shards: [high disk watermark exceeded on one or more nodes]
[2018-01-20T13:16:15,879][WARN ][o.e.c.r.a.DiskThresholdMonitor] [9eHyL-E] high disk watermark [90%] exceeded on [9eHyL-E1RUu7EV14o9LVfg][9eHyL-E][/home/sergio/Desktop/sowa/stack/ELK-sowa.io_linux_amd64/elasticsearch-6.1.2/data/nodes/0] free: 18.2gb[6.2%], shards will be relocated away from this node
[2018-01-20T13:16:45,883][WARN ][o.e.c.r.a.DiskThresholdMonitor] [9eHyL-E] high disk watermark [90%] exceeded on [9eHyL-E1RUu7EV14o9LVfg][9eHyL-E][/home/sergio/Desktop/sowa/stack/ELK-sowa.io_linux_amd64/elasticsearch-6.1.2/data/nodes/0] free: 18.2gb[6.2%], shards will be relocated away from this node
[2018-01-20T13:16:45,883][INFO ][o.e.c.r.a.DiskThresholdMonitor] [9eHyL-E] rerouting shards: [high disk watermark exceeded on one or more nodes]
[2018-01-20T13:17:15,886][WARN ][o.e.c.r.a.DiskThresholdMonitor] [9eHyL-E] high disk watermark [90%] exceeded on [9eHyL-E1RUu7EV14o9LVfg][9eHyL-E][/home/sergio/Desktop/sowa/stack/ELK-sowa.io_linux_amd64/elasticsearch-6.1.2/data/nodes/0] free: 18.2gb[6.2%], shards will be relocated away from this node
[2018-01-20T13:17:45,889][WARN ][o.e.c.r.a.DiskThresholdMonitor] [9eHyL-E] high disk watermark [90%] exceeded on [9eHyL-E1RUu7EV14o9LVfg][9eHyL-E][/home/sergio/Desktop/sowa/stack/ELK-sowa.io_linux_amd64/elasticsearch-6.1.2/data/nodes/0] free: 18.2gb[6.2%], shards will be relocated away from this node
[2018-01-20T13:17:45,890][INFO ][o.e.c.r.a.DiskThresholdMonitor] [9eHyL-E] rerouting shards: [high disk watermark exceeded on one or more nodes]
[2018-01-20T13:18:15,893][WARN ][o.e.c.r.a.DiskThresholdMonitor] [9eHyL-E] high disk watermark [90%] exceeded on [9eHyL-E1RUu7EV14o9LVfg][9eHyL-E][/home/sergio/Desktop/sowa/stack/ELK-sowa.io_linux_amd64/elasticsearch-6.1.2/data/nodes/0] free: 18.2gb[6.2%], shards will be relocated away from this node
[2018-01-20T13:18:45,896][WARN ][o.e.c.r.a.DiskThresholdMonitor] [9eHyL-E] high disk watermark [90%] exceeded on [9eHyL-E1RUu7EV14o9LVfg][9eHyL-E][/home/sergio/Desktop/sowa/stack/ELK-sowa.io_linux_amd64/elasticsearch-6.1.2/data/nodes/0] free: 18.2gb[6.2%], shards will be relocated away from this node
[2018-01-20T13:18:45,897][INFO ][o.e.c.r.a.DiskThresholdMonitor] [9eHyL-E] rerouting shards: [high disk watermark exceeded on one or more nodes]
[2018-01-20T13:19:15,900][WARN ][o.e.c.r.a.DiskThresholdMonitor] [9eHyL-E] high disk watermark [90%] exceeded on [9eHyL-E1RUu7EV14o9LVfg][9eHyL-E][/home/sergio/Desktop/sowa/stack/ELK-sowa.io_linux_amd64/elasticsearch-6.1.2/data/nodes/0] free: 18.2gb[6.2%], shards will be relocated away from this node
[2018-01-20T13:19:45,904][WARN ][o.e.c.r.a.DiskThresholdMonitor] [9eHyL-E] high disk watermark [90%] exceeded on [9eHyL-E1RUu7EV14o9LVfg][9eHyL-E][/home/sergio/Desktop/sowa/stack/ELK-sowa.io_linux_amd64/elasticsearch-6.1.2/data/nodes/0] free: 18.2gb[6.2%], shards will be relocated away from this node
[2018-01-20T13:19:45,904][INFO ][o.e.c.r.a.DiskThresholdMonitor] [9eHyL-E] rerouting shards: [high disk watermark exceeded on one or more nodes]
[2018-01-20T13:20:15,908][WARN ][o.e.c.r.a.DiskThresholdMonitor] [9eHyL-E] high disk watermark [90%] exceeded on [9eHyL-E1RUu7EV14o9LVfg][9eHyL-E][/home/sergio/Desktop/sowa/stack/ELK-sowa.io_linux_amd64/elasticsearch-6.1.2/data/nodes/0] free: 18.2gb[6.2%], shards will be relocated away from this node
[2018-01-20T13:20:45,911][WARN ][o.e.c.r.a.DiskThresholdMonitor] [9eHyL-E] high disk watermark [90%] exceeded on [9eHyL-E1RUu7EV14o9LVfg][9eHyL-E][/home/sergio/Desktop/sowa/stack/ELK-sowa.io_linux_amd64/elasticsearch-6.1.2/data/nodes/0] free: 18.2gb[6.2%], shards will be relocated away from this node
[2018-01-20T13:20:45,912][INFO ][o.e.c.r.a.DiskThresholdMonitor] [9eHyL-E] rerouting shards: [high disk watermark exceeded on one or more nodes]
[2018-01-20T13:21:15,915][WARN ][o.e.c.r.a.DiskThresholdMonitor] [9eHyL-E] high disk watermark [90%] exceeded on [9eHyL-E1RUu7EV14o9LVfg][9eHyL-E][/home/sergio/Desktop/sowa/stack/ELK-sowa.io_linux_amd64/elasticsearch-6.1.2/data/nodes/0] free: 18.2gb[6.2%], shards will be relocated away from this node
[2018-01-20T13:21:45,918][WARN ][o.e.c.r.a.DiskThresholdMonitor] [9eHyL-E] high disk watermark [90%] exceeded on [9eHyL-E1RUu7EV14o9LVfg][9eHyL-E][/home/sergio/Desktop/sowa/stack/ELK-sowa.io_linux_amd64/elasticsearch-6.1.2/data/nodes/0] free: 18.2gb[6.2%], shards will be relocated away from this node
[2018-01-20T13:21:45,919][INFO ][o.e.c.r.a.DiskThresholdMonitor] [9eHyL-E] rerouting shards: [high disk watermark exceeded on one or more nodes]
[2018-01-20T13:22:15,922][WARN ][o.e.c.r.a.DiskThresholdMonitor] [9eHyL-E] high disk watermark [90%] exceeded on [9eHyL-E1RUu7EV14o9LVfg][9eHyL-E][/home/sergio/Desktop/sowa/stack/ELK-sowa.io_linux_amd64/elasticsearch-6.1.2/data/nodes/0] free: 18.2gb[6.2%], shards will be relocated away from this node
[2018-01-20T13:22:45,926][WARN ][o.e.c.r.a.DiskThresholdMonitor] [9eHyL-E] high disk watermark [90%] exceeded on [9eHyL-E1RUu7EV14o9LVfg][9eHyL-E][/home/sergio/Desktop/sowa/stack/ELK-sowa.io_linux_amd64/elasticsearch-6.1.2/data/nodes/0] free: 18.2gb[6.2%], shards will be relocated away from this node
[2018-01-20T13:22:45,926][INFO ][o.e.c.r.a.DiskThresholdMonitor] [9eHyL-E] rerouting shards: [high disk watermark exceeded on one or more nodes]
[2018-01-20T13:23:15,929][WARN ][o.e.c.r.a.DiskThresholdMonitor] [9eHyL-E] high disk watermark [90%] exceeded on [9eHyL-E1RUu7EV14o9LVfg][9eHyL-E][/home/sergio/Desktop/sowa/stack/ELK-sowa.io_linux_amd64/elasticsearch-6.1.2/data/nodes/0] free: 18.2gb[6.2%], shards will be relocated away from this node
[2018-01-20T13:23:45,932][WARN ][o.e.c.r.a.DiskThresholdMonitor] [9eHyL-E] high disk watermark [90%] exceeded on [9eHyL-E1RUu7EV14o9LVfg][9eHyL-E][/home/sergio/Desktop/sowa/stack/ELK-sowa.io_linux_amd64/elasticsearch-6.1.2/data/nodes/0] free: 18.2gb[6.2%], shards will be relocated away from this node
[2018-01-20T13:23:45,933][INFO ][o.e.c.r.a.DiskThresholdMonitor] [9eHyL-E] rerouting shards: [high disk watermark exceeded on one or more nodes]
[2018-01-20T13:24:15,935][WARN ][o.e.c.r.a.DiskThresholdMonitor] [9eHyL-E] high disk watermark [90%] exceeded on [9eHyL-E1RUu7EV14o9LVfg][9eHyL-E][/home/sergio/Desktop/sowa/stack/ELK-sowa.io_linux_amd64/elasticsearch-6.1.2/data/nodes/0] free: 18.2gb[6.2%], shards will be relocated away from this node
[2018-01-20T13:24:45,941][WARN ][o.e.c.r.a.DiskThresholdMonitor] [9eHyL-E] high disk watermark [90%] exceeded on [9eHyL-E1RUu7EV14o9LVfg][9eHyL-E][/home/sergio/Desktop/sowa/stack/ELK-sowa.io_linux_amd64/elasticsearch-6.1.2/data/nodes/0] free: 18.2gb[6.2%], shards will be relocated away from this node
[2018-01-20T13:24:45,941][INFO ][o.e.c.r.a.DiskThresholdMonitor] [9eHyL-E] rerouting shards: [high disk watermark exceeded on one or more nodes]
[2018-01-20T13:25:15,945][WARN ][o.e.c.r.a.DiskThresholdMonitor] [9eHyL-E] high disk watermark [90%] exceeded on [9eHyL-E1RUu7EV14o9LVfg][9eHyL-E][/home/sergio/Desktop/sowa/stack/ELK-sowa.io_linux_amd64/elasticsearch-6.1.2/data/nodes/0] free: 18.2gb[6.2%], shards will be relocated away from this node
[2018-01-20T13:25:45,947][WARN ][o.e.c.r.a.DiskThresholdMonitor] [9eHyL-E] high disk watermark [90%] exceeded on [9eHyL-E1RUu7EV14o9LVfg][9eHyL-E][/home/sergio/Desktop/sowa/stack/ELK-sowa.io_linux_amd64/elasticsearch-6.1.2/data/nodes/0] free: 18.2gb[6.2%], shards will be relocated away from this node
[2018-01-20T13:25:45,948][INFO ][o.e.c.r.a.DiskThresholdMonitor] [9eHyL-E] rerouting shards: [high disk watermark exceeded on one or more nodes]
[2018-01-20T13:26:15,951][WARN ][o.e.c.r.a.DiskThresholdMonitor] [9eHyL-E] high disk watermark [90%] exceeded on [9eHyL-E1RUu7EV14o9LVfg][9eHyL-E][/home/sergio/Desktop/sowa/stack/ELK-sowa.io_linux_amd64/elasticsearch-6.1.2/data/nodes/0] free: 18.2gb[6.2%], shards will be relocated away from this node
[2018-01-20T13:26:45,954][WARN ][o.e.c.r.a.DiskThresholdMonitor] [9eHyL-E] high disk watermark [90%] exceeded on [9eHyL-E1RUu7EV14o9LVfg][9eHyL-E][/home/sergio/Desktop/sowa/stack/ELK-sowa.io_linux_amd64/elasticsearch-6.1.2/data/nodes/0] free: 18.2gb[6.2%], shards will be relocated away from this node
[2018-01-20T13:26:45,955][INFO ][o.e.c.r.a.DiskThresholdMonitor] [9eHyL-E] rerouting shards: [high disk watermark exceeded on one or more nodes]
[2018-01-20T13:27:15,956][WARN ][o.e.c.r.a.DiskThresholdMonitor] [9eHyL-E] high disk watermark [90%] exceeded on [9eHyL-E1RUu7EV14o9LVfg][9eHyL-E][/home/sergio/Desktop/sowa/stack/ELK-sowa.io_linux_amd64/elasticsearch-6.1.2/data/nodes/0] free: 18.2gb[6.2%], shards will be relocated away from this node
[2018-01-20T13:27:45,959][WARN ][o.e.c.r.a.DiskThresholdMonitor] [9eHyL-E] high disk watermark [90%] exceeded on [9eHyL-E1RUu7EV14o9LVfg][9eHyL-E][/home/sergio/Desktop/sowa/stack/ELK-sowa.io_linux_amd64/elasticsearch-6.1.2/data/nodes/0] free: 18.2gb[6.2%], shards will be relocated away from this node
[2018-01-20T13:27:45,959][INFO ][o.e.c.r.a.DiskThresholdMonitor] [9eHyL-E] rerouting shards: [high disk watermark exceeded on one or more nodes]
[2018-01-20T13:28:15,963][WARN ][o.e.c.r.a.DiskThresholdMonitor] [9eHyL-E] high disk watermark [90%] exceeded on [9eHyL-E1RUu7EV14o9LVfg][9eHyL-E][/home/sergio/Desktop/sowa/stack/ELK-sowa.io_linux_amd64/elasticsearch-6.1.2/data/nodes/0] free: 18.2gb[6.2%], shards will be relocated away from this node
[2018-01-20T13:28:45,966][WARN ][o.e.c.r.a.DiskThresholdMonitor] [9eHyL-E] high disk watermark [90%] exceeded on [9eHyL-E1RUu7EV14o9LVfg][9eHyL-E][/home/sergio/Desktop/sowa/stack/ELK-sowa.io_linux_amd64/elasticsearch-6.1.2/data/nodes/0] free: 18.2gb[6.2%], shards will be relocated away from this node
[2018-01-20T13:28:45,967][INFO ][o.e.c.r.a.DiskThresholdMonitor] [9eHyL-E] rerouting shards: [high disk watermark exceeded on one or more nodes]
[2018-01-20T13:29:15,970][WARN ][o.e.c.r.a.DiskThresholdMonitor] [9eHyL-E] high disk watermark [90%] exceeded on [9eHyL-E1RUu7EV14o9LVfg][9eHyL-E][/home/sergio/Desktop/sowa/stack/ELK-sowa.io_linux_amd64/elasticsearch-6.1.2/data/nodes/0] free: 18.2gb[6.2%], shards will be relocated away from this node
[2018-01-20T13:29:45,974][WARN ][o.e.c.r.a.DiskThresholdMonitor] [9eHyL-E] high disk watermark [90%] exceeded on [9eHyL-E1RUu7EV14o9LVfg][9eHyL-E][/home/sergio/Desktop/sowa/stack/ELK-sowa.io_linux_amd64/elasticsearch-6.1.2/data/nodes/0] free: 18.2gb[6.2%], shards will be relocated away from this node
[2018-01-20T13:29:45,974][INFO ][o.e.c.r.a.DiskThresholdMonitor] [9eHyL-E] rerouting shards: [high disk watermark exceeded on one or more nodes]
[2018-01-20T13:30:15,978][WARN ][o.e.c.r.a.DiskThresholdMonitor] [9eHyL-E] high disk watermark [90%] exceeded on [9eHyL-E1RUu7EV14o9LVfg][9eHyL-E][/home/sergio/Desktop/sowa/stack/ELK-sowa.io_linux_amd64/elasticsearch-6.1.2/data/nodes/0] free: 18.2gb[6.2%], shards will be relocated away from this node
[2018-01-20T13:30:45,981][WARN ][o.e.c.r.a.DiskThresholdMonitor] [9eHyL-E] high disk watermark [90%] exceeded on [9eHyL-E1RUu7EV14o9LVfg][9eHyL-E][/home/sergio/Desktop/sowa/stack/ELK-sowa.io_linux_amd64/elasticsearch-6.1.2/data/nodes/0] free: 18.2gb[6.2%], shards will be relocated away from this node
[2018-01-20T13:30:45,982][INFO ][o.e.c.r.a.DiskThresholdMonitor] [9eHyL-E] rerouting shards: [high disk watermark exceeded on one or more nodes]
[2018-01-20T13:31:15,985][WARN ][o.e.c.r.a.DiskThresholdMonitor] [9eHyL-E] high disk watermark [90%] exceeded on [9eHyL-E1RUu7EV14o9LVfg][9eHyL-E][/home/sergio/Desktop/sowa/stack/ELK-sowa.io_linux_amd64/elasticsearch-6.1.2/data/nodes/0] free: 18.2gb[6.2%], shards will be relocated away from this node
[2018-01-20T13:31:45,988][WARN ][o.e.c.r.a.DiskThresholdMonitor] [9eHyL-E] high disk watermark [90%] exceeded on [9eHyL-E1RUu7EV14o9LVfg][9eHyL-E][/home/sergio/Desktop/sowa/stack/ELK-sowa.io_linux_amd64/elasticsearch-6.1.2/data/nodes/0] free: 18.2gb[6.2%], shards will be relocated away from this node
[2018-01-20T13:31:45,989][INFO ][o.e.c.r.a.DiskThresholdMonitor] [9eHyL-E] rerouting shards: [high disk watermark exceeded on one or more nodes]
[2018-01-20T13:32:15,992][WARN ][o.e.c.r.a.DiskThresholdMonitor] [9eHyL-E] high disk watermark [90%] exceeded on [9eHyL-E1RUu7EV14o9LVfg][9eHyL-E][/home/sergio/Desktop/sowa/stack/ELK-sowa.io_linux_amd64/elasticsearch-6.1.2/data/nodes/0] free: 18.2gb[6.2%], shards will be relocated away from this node
[2018-01-20T13:32:45,994][WARN ][o.e.c.r.a.DiskThresholdMonitor] [9eHyL-E] high disk watermark [90%] exceeded on [9eHyL-E1RUu7EV14o9LVfg][9eHyL-E][/home/sergio/Desktop/sowa/stack/ELK-sowa.io_linux_amd64/elasticsearch-6.1.2/data/nodes/0] free: 18.2gb[6.2%], shards will be relocated away from this node
[2018-01-20T13:32:45,994][INFO ][o.e.c.r.a.DiskThresholdMonitor] [9eHyL-E] rerouting shards: [high disk watermark exceeded on one or more nodes]
[2018-01-20T13:33:15,997][WARN ][o.e.c.r.a.DiskThresholdMonitor] [9eHyL-E] high disk watermark [90%] exceeded on [9eHyL-E1RUu7EV14o9LVfg][9eHyL-E][/home/sergio/Desktop/sowa/stack/ELK-sowa.io_linux_amd64/elasticsearch-6.1.2/data/nodes/0] free: 18.2gb[6.2%], shards will be relocated away from this node
[2018-01-20T13:33:46,000][WARN ][o.e.c.r.a.DiskThresholdMonitor] [9eHyL-E] high disk watermark [90%] exceeded on [9eHyL-E1RUu7EV14o9LVfg][9eHyL-E][/home/sergio/Desktop/sowa/stack/ELK-sowa.io_linux_amd64/elasticsearch-6.1.2/data/nodes/0] free: 18.2gb[6.2%], shards will be relocated away from this node
[2018-01-20T13:33:46,001][INFO ][o.e.c.r.a.DiskThresholdMonitor] [9eHyL-E] rerouting shards: [high disk watermark exceeded on one or more nodes]
[2018-01-20T13:34:16,005][WARN ][o.e.c.r.a.DiskThresholdMonitor] [9eHyL-E] high disk watermark [90%] exceeded on [9eHyL-E1RUu7EV14o9LVfg][9eHyL-E][/home/sergio/Desktop/sowa/stack/ELK-sowa.io_linux_amd64/elasticsearch-6.1.2/data/nodes/0] free: 18.2gb[6.2%], shards will be relocated away from this node
[2018-01-20T13:34:46,008][WARN ][o.e.c.r.a.DiskThresholdMonitor] [9eHyL-E] high disk watermark [90%] exceeded on [9eHyL-E1RUu7EV14o9LVfg][9eHyL-E][/home/sergio/Desktop/sowa/stack/ELK-sowa.io_linux_amd64/elasticsearch-6.1.2/data/nodes/0] free: 18.2gb[6.2%], shards will be relocated away from this node
[2018-01-20T13:34:46,008][INFO ][o.e.c.r.a.DiskThresholdMonitor] [9eHyL-E] rerouting shards: [high disk watermark exceeded on one or more nodes]
[2018-01-20T13:35:16,012][WARN ][o.e.c.r.a.DiskThresholdMonitor] [9eHyL-E] high disk watermark [90%] exceeded on [9eHyL-E1RUu7EV14o9LVfg][9eHyL-E][/home/sergio/Desktop/sowa/stack/ELK-sowa.io_linux_amd64/elasticsearch-6.1.2/data/nodes/0] free: 18.2gb[6.2%], shards will be relocated away from this node
[2018-01-20T13:35:46,015][WARN ][o.e.c.r.a.DiskThresholdMonitor] [9eHyL-E] high disk watermark [90%] exceeded on [9eHyL-E1RUu7EV14o9LVfg][9eHyL-E][/home/sergio/Desktop/sowa/stack/ELK-sowa.io_linux_amd64/elasticsearch-6.1.2/data/nodes/0] free: 18.2gb[6.2%], shards will be relocated away from this node
[2018-01-20T13:35:46,015][INFO ][o.e.c.r.a.DiskThresholdMonitor] [9eHyL-E] rerouting shards: [high disk watermark exceeded on one or more nodes]
[2018-01-20T13:36:16,018][WARN ][o.e.c.r.a.DiskThresholdMonitor] [9eHyL-E] high disk watermark [90%] exceeded on [9eHyL-E1RUu7EV14o9LVfg][9eHyL-E][/home/sergio/Desktop/sowa/stack/ELK-sowa.io_linux_amd64/elasticsearch-6.1.2/data/nodes/0] free: 18.2gb[6.2%], shards will be relocated away from this node
[2018-01-20T13:36:46,021][WARN ][o.e.c.r.a.DiskThresholdMonitor] [9eHyL-E] high disk watermark [90%] exceeded on [9eHyL-E1RUu7EV14o9LVfg][9eHyL-E][/home/sergio/Desktop/sowa/stack/ELK-sowa.io_linux_amd64/elasticsearch-6.1.2/data/nodes/0] free: 18.2gb[6.2%], shards will be relocated away from this node
[2018-01-20T13:36:46,022][INFO ][o.e.c.r.a.DiskThresholdMonitor] [9eHyL-E] rerouting shards: [high disk watermark exceeded on one or more nodes]
[2018-01-20T13:37:16,024][WARN ][o.e.c.r.a.DiskThresholdMonitor] [9eHyL-E] high disk watermark [90%] exceeded on [9eHyL-E1RUu7EV14o9LVfg][9eHyL-E][/home/sergio/Desktop/sowa/stack/ELK-sowa.io_linux_amd64/elasticsearch-6.1.2/data/nodes/0] free: 18.1gb[6.2%], shards will be relocated away from this node
[2018-01-20T13:37:17,323][INFO ][o.e.n.Node               ] [9eHyL-E] stopping ...
[2018-01-20T13:37:17,418][INFO ][o.e.n.Node               ] [9eHyL-E] stopped
[2018-01-20T13:37:17,418][INFO ][o.e.n.Node               ] [9eHyL-E] closing ...
[2018-01-20T13:37:17,463][INFO ][o.e.n.Node               ] [9eHyL-E] closed
